#
# There is insufficient memory for the Java Runtime Environment to continue.
# Native memory allocation (malloc) failed to allocate 1048576 bytes for AllocateHeap
# Possible reasons:
#   The system is out of physical RAM or swap space
#   The process is running with CompressedOops enabled, and the Java Heap may be blocking the growth of the native heap
# Possible solutions:
#   Reduce memory load on the system
#   Increase physical memory or swap space
#   Check if swap backing store is full
#   Decrease Java heap size (-Xmx/-Xms)
#   Decrease number of Java threads
#   Decrease Java thread stack sizes (-Xss)
#   Set larger code cache with -XX:ReservedCodeCacheSize=
#   JVM is running with Zero Based Compressed Oops mode in which the Java heap is
#     placed in the first 32GB address space. The Java Heap base address is the
#     maximum limit for the native heap growth. Please use -XX:HeapBaseMinAddress
#     to set the Java Heap base and to place the Java Heap above 32GB virtual address.
# This output file may be truncated or incomplete.
#
#  Out of Memory Error (allocation.cpp:44), pid=21344, tid=8052
#
# JRE version: OpenJDK Runtime Environment Temurin-17.0.4+8 (17.0.4+8) (build 17.0.4+8)
# Java VM: OpenJDK 64-Bit Server VM Temurin-17.0.4+8 (17.0.4+8, mixed mode, emulated-client, tiered, compressed oops, compressed class ptrs, g1 gc, windows-amd64)
# No core dump will be written. Minidumps are not enabled by default on client versions of Windows
#

---------------  S U M M A R Y ------------

Command Line: -Dsts.lsp.client=vscode -Dsts.log.file=/dev/null -XX:TieredStopAtLevel=1 -Dspring.config.location=file:c:\Users\Alpay\.vscode\extensions\pivotal.vscode-spring-boot-1.38.0\language-server\BOOT-INF\classes\application.properties org.springframework.ide.vscode.boot.app.BootLanguageServerBootApp

Host: Intel(R) Core(TM) i7-5500U CPU @ 2.40GHz, 4 cores, 11G,  Windows 10 , 64 bit Build 19041 (10.0.19041.1889)
Time: Sat Sep 10 12:33:23 2022 Türkiye Standart Saati elapsed time: 1168.471045 seconds (0d 0h 19m 28s)

---------------  T H R E A D  ---------------

Current thread (0x00000288157475b0):  VMThread "VM Thread" [stack: 0x000000b2a6c00000,0x000000b2a6d00000] [id=8052]

Stack: [0x000000b2a6c00000,0x000000b2a6d00000]
Native frames: (J=compiled Java code, j=interpreted, Vv=VM code, C=native code)
V  [jvm.dll+0x67733a]
V  [jvm.dll+0x8323c4]
V  [jvm.dll+0x833b6e]
V  [jvm.dll+0x8341d3]
V  [jvm.dll+0x2455e5]
V  [jvm.dll+0xa6393]
V  [jvm.dll+0x2f57a3]
V  [jvm.dll+0x2f14b0]
V  [jvm.dll+0x2d9b97]
V  [jvm.dll+0x31cca7]
V  [jvm.dll+0x83867b]
V  [jvm.dll+0x8393b4]
V  [jvm.dll+0x8398cc]
V  [jvm.dll+0x839ca4]
V  [jvm.dll+0x839d70]
V  [jvm.dll+0x7e245a]
V  [jvm.dll+0x6761c5]
C  [ucrtbase.dll+0x21bb2]
C  [KERNEL32.DLL+0x17034]
C  [ntdll.dll+0x52651]

VM_Operation (0x000000b2a87fedd0): G1CollectFull, mode: safepoint, requested by thread 0x00000288180cefc0


---------------  P R O C E S S  ---------------

Threads class SMR info:
_java_thread_list=0x00000288182ba3b0, length=16, elements={
0x0000028815760b50, 0x00000288157629d0, 0x00000288157759e0, 0x0000028815778760,
0x0000028816119410, 0x0000028816119cd0, 0x000002881611a590, 0x000002881611af80,
0x0000028816319380, 0x0000028816319c90, 0x00000288180cefc0, 0x00000288180cc940,
0x00000288180ce150, 0x00000288180cf490, 0x00000288180ce620, 0x00000288180ceaf0
}

Java Threads: ( => current thread )
  0x0000028815760b50 JavaThread "Reference Handler" daemon [_thread_blocked, id=20100, stack(0x000000b2a6d00000,0x000000b2a6e00000)]
  0x00000288157629d0 JavaThread "Finalizer" daemon [_thread_blocked, id=20432, stack(0x000000b2a6e00000,0x000000b2a6f00000)]
  0x00000288157759e0 JavaThread "Signal Dispatcher" daemon [_thread_blocked, id=19048, stack(0x000000b2a6f00000,0x000000b2a7000000)]
  0x0000028815778760 JavaThread "Attach Listener" daemon [_thread_blocked, id=19068, stack(0x000000b2a7000000,0x000000b2a7100000)]
  0x0000028816119410 JavaThread "Service Thread" daemon [_thread_blocked, id=24080, stack(0x000000b2a7100000,0x000000b2a7200000)]
  0x0000028816119cd0 JavaThread "Monitor Deflation Thread" daemon [_thread_blocked, id=9248, stack(0x000000b2a7200000,0x000000b2a7300000)]
  0x000002881611a590 JavaThread "C1 CompilerThread0" daemon [_thread_blocked, id=8584, stack(0x000000b2a7300000,0x000000b2a7400000)]
  0x000002881611af80 JavaThread "Sweeper thread" daemon [_thread_blocked, id=16460, stack(0x000000b2a7400000,0x000000b2a7500000)]
  0x0000028816319380 JavaThread "Notification Thread" daemon [_thread_blocked, id=10968, stack(0x000000b2a7500000,0x000000b2a7600000)]
  0x0000028816319c90 JavaThread "Common-Cleaner" daemon [_thread_blocked, id=15160, stack(0x000000b2a7700000,0x000000b2a7800000)]
  0x00000288180cefc0 JavaThread "pool-7-thread-1" [_thread_blocked, id=6836, stack(0x000000b2a8700000,0x000000b2a8800000)]
  0x00000288180cc940 JavaThread "LanguageServerApp-lifecycle" [_thread_blocked, id=20772, stack(0x000000b2a8800000,0x000000b2a8900000)]
  0x00000288180ce150 JavaThread "DestroyJavaVM" [_thread_blocked, id=13924, stack(0x000000b2a6500000,0x000000b2a6600000)]
  0x00000288180cf490 JavaThread "pool-8-thread-1" [_thread_in_native, id=10844, stack(0x000000b2a8900000,0x000000b2a8a00000)]
  0x00000288180ce620 JavaThread "Simple-Language-Server main thread" daemon [_thread_blocked, id=13332, stack(0x000000b2a8a00000,0x000000b2a8b00000)]
  0x00000288180ceaf0 JavaThread "parallel-1" daemon [_thread_blocked, id=22448, stack(0x000000b2a8b00000,0x000000b2a8c00000)]

Other Threads:
=>0x00000288157475b0 VMThread "VM Thread" [stack: 0x000000b2a6c00000,0x000000b2a6d00000] [id=8052]
  0x0000028816319850 WatcherThread [stack: 0x000000b2a7600000,0x000000b2a7700000] [id=7556]
  0x00000288066c35f0 GCTaskThread "GC Thread#0" [stack: 0x000000b2a6700000,0x000000b2a6800000] [id=27292]
  0x00000288169a93c0 GCTaskThread "GC Thread#1" [stack: 0x000000b2a7900000,0x000000b2a7a00000] [id=4340]
  0x00000288169a9670 GCTaskThread "GC Thread#2" [stack: 0x000000b2a7a00000,0x000000b2a7b00000] [id=14228]
  0x00000288169a9920 GCTaskThread "GC Thread#3" [stack: 0x000000b2a7b00000,0x000000b2a7c00000] [id=17592]
  0x00000288066d03f0 ConcurrentGCThread "G1 Main Marker" [stack: 0x000000b2a6800000,0x000000b2a6900000] [id=16344]
  0x00000288066d0e00 ConcurrentGCThread "G1 Conc#0" [stack: 0x000000b2a6900000,0x000000b2a6a00000] [id=228]
  0x00000288067348f0 ConcurrentGCThread "G1 Refine#0" [stack: 0x000000b2a6a00000,0x000000b2a6b00000] [id=7188]
  0x00000288187c0100 ConcurrentGCThread "G1 Refine#1" [stack: 0x000000b2a8c00000,0x000000b2a8d00000] [id=13080]
  0x00000288161ff810 ConcurrentGCThread "G1 Refine#2" [stack: 0x000000b2a7800000,0x000000b2a7900000] [id=16832]
  0x0000028816200670 ConcurrentGCThread "G1 Refine#3" [stack: 0x000000b2a8e00000,0x000000b2a8f00000] [id=7228]
  0x00000288155c03f0 ConcurrentGCThread "G1 Service" [stack: 0x000000b2a6b00000,0x000000b2a6c00000] [id=22980]

Threads with active compile tasks:

VM state: at safepoint (normal execution)

VM Mutex/Monitor currently owned by a thread:  ([mutex/lock_event])
[0x000002880453bbd0] Threads_lock - owner thread: 0x00000288157475b0
[0x000002880665e700] Heap_lock - owner thread: 0x00000288180cefc0

Heap address: 0x0000000741400000, size: 3052 MB, Compressed Oops mode: Zero based, Oop shift amount: 3

CDS archive(s) not mapped
Compressed class space mapped at: 0x0000000800000000-0x0000000840000000, reserved size: 1073741824
Narrow klass base: 0x0000000800000000, Narrow klass shift: 0, Narrow klass range: 0x40000000

GC Precious Log:
 CPUs: 4 total, 4 available
 Memory: 12202M
 Large Page Support: Disabled
 NUMA Support: Disabled
 Compressed Oops: Enabled (Zero based)
 Heap Region Size: 2M
 Heap Min Capacity: 8M
 Heap Initial Capacity: 192M
 Heap Max Capacity: 3052M
 Pre-touch: Disabled
 Parallel Workers: 4
 Concurrent Workers: 1
 Concurrent Refinement Workers: 4
 Periodic GC: Disabled

Heap:
 garbage-first heap   total 81920K, used 23192K [0x0000000741400000, 0x0000000800000000)
  region size 2048K, 1 young (2048K), 0 survivors (0K)
 Metaspace       used 41418K, committed 41920K, reserved 1089536K
  class space    used 5769K, committed 5952K, reserved 1048576K

Heap Regions: E=young(eden), S=young(survivor), O=old, HS=humongous(starts), HC=humongous(continues), CS=collection set, F=free, OA=open archive, CA=closed archive, TAMS=top-at-mark-start (previous, next)
|   0|0x0000000741400000, 0x00000007415fd440, 0x0000000741600000| 99%| O|  |TAMS 0x00000007415fd440, 0x0000000741400000| Untracked 
|   1|0x0000000741600000, 0x0000000741800000, 0x0000000741800000|100%| O|  |TAMS 0x0000000741800000, 0x0000000741600000| Untracked 
|   2|0x0000000741800000, 0x0000000741a00000, 0x0000000741a00000|100%| O|  |TAMS 0x0000000741a00000, 0x0000000741800000| Untracked 
|   3|0x0000000741a00000, 0x0000000741bfffa0, 0x0000000741c00000| 99%| O|  |TAMS 0x0000000741bfffa0, 0x0000000741a00000| Untracked 
|   4|0x0000000741c00000, 0x0000000741dfffe8, 0x0000000741e00000| 99%| O|  |TAMS 0x0000000741dfffe8, 0x0000000741c00000| Untracked 
|   5|0x0000000741e00000, 0x0000000741fffff0, 0x0000000742000000| 99%| O|  |TAMS 0x0000000741fffff0, 0x0000000741e00000| Untracked 
|   6|0x0000000742000000, 0x00000007421ffff0, 0x0000000742200000| 99%| O|  |TAMS 0x00000007421ffff0, 0x0000000742000000| Untracked 
|   7|0x0000000742200000, 0x00000007423fffb8, 0x0000000742400000| 99%| O|  |TAMS 0x00000007423fffb8, 0x0000000742200000| Untracked 
|   8|0x0000000742400000, 0x00000007425fffb0, 0x0000000742600000| 99%| O|  |TAMS 0x00000007425fffb0, 0x0000000742400000| Untracked 
|   9|0x0000000742600000, 0x00000007427f9b90, 0x0000000742800000| 98%| O|  |TAMS 0x00000007427f9b90, 0x0000000742600000| Untracked 
|  10|0x0000000742800000, 0x00000007428ad260, 0x0000000742a00000| 33%| O|  |TAMS 0x0000000742800000, 0x0000000742800000| Untracked 
|  11|0x0000000742a00000, 0x0000000742bfffc0, 0x0000000742c00000| 99%| O|  |TAMS 0x0000000742bfffc0, 0x0000000742a00000| Untracked 
|  12|0x0000000742c00000, 0x0000000742c022d0, 0x0000000742e00000|  0%| O|  |TAMS 0x0000000742c00000, 0x0000000742c00000| Untracked 
|  13|0x0000000742e00000, 0x0000000742e00000, 0x0000000743000000|  0%| F|  |TAMS 0x0000000742e00000, 0x0000000742e00000| Untracked 
|  14|0x0000000743000000, 0x0000000743000000, 0x0000000743200000|  0%| F|  |TAMS 0x0000000743000000, 0x0000000743000000| Untracked 
|  15|0x0000000743200000, 0x0000000743200000, 0x0000000743400000|  0%| F|  |TAMS 0x0000000743200000, 0x0000000743200000| Untracked 
|  16|0x0000000743400000, 0x0000000743400000, 0x0000000743600000|  0%| F|  |TAMS 0x0000000743400000, 0x0000000743400000| Untracked 
|  17|0x0000000743600000, 0x0000000743600000, 0x0000000743800000|  0%| F|  |TAMS 0x0000000743600000, 0x0000000743600000| Untracked 
|  18|0x0000000743800000, 0x0000000743800000, 0x0000000743a00000|  0%| F|  |TAMS 0x0000000743800000, 0x0000000743800000| Untracked 
|  19|0x0000000743a00000, 0x0000000743a00000, 0x0000000743c00000|  0%| F|  |TAMS 0x0000000743a00000, 0x0000000743a00000| Untracked 
|  20|0x0000000743c00000, 0x0000000743c00000, 0x0000000743e00000|  0%| F|  |TAMS 0x0000000743c00000, 0x0000000743c00000| Untracked 
|  21|0x0000000743e00000, 0x0000000743e00000, 0x0000000744000000|  0%| F|  |TAMS 0x0000000743e00000, 0x0000000743e00000| Untracked 
|  22|0x0000000744000000, 0x0000000744000000, 0x0000000744200000|  0%| F|  |TAMS 0x0000000744000000, 0x0000000744000000| Untracked 
|  23|0x0000000744200000, 0x0000000744200000, 0x0000000744400000|  0%| F|  |TAMS 0x0000000744200000, 0x0000000744200000| Untracked 
|  24|0x0000000744400000, 0x0000000744400000, 0x0000000744600000|  0%| F|  |TAMS 0x0000000744400000, 0x0000000744400000| Untracked 
|  25|0x0000000744600000, 0x0000000744600000, 0x0000000744800000|  0%| F|  |TAMS 0x0000000744600000, 0x0000000744600000| Untracked 
|  26|0x0000000744800000, 0x0000000744800000, 0x0000000744a00000|  0%| F|  |TAMS 0x0000000744800000, 0x0000000744800000| Untracked 
|  27|0x0000000744a00000, 0x0000000744a00000, 0x0000000744c00000|  0%| F|  |TAMS 0x0000000744a00000, 0x0000000744a00000| Untracked 
|  28|0x0000000744c00000, 0x0000000744c00000, 0x0000000744e00000|  0%| F|  |TAMS 0x0000000744c00000, 0x0000000744c00000| Untracked 
|  29|0x0000000744e00000, 0x0000000744e00000, 0x0000000745000000|  0%| F|  |TAMS 0x0000000744e00000, 0x0000000744e00000| Untracked 
|  30|0x0000000745000000, 0x0000000745000000, 0x0000000745200000|  0%| F|  |TAMS 0x0000000745000000, 0x0000000745000000| Untracked 
|  31|0x0000000745200000, 0x0000000745200000, 0x0000000745400000|  0%| F|  |TAMS 0x0000000745200000, 0x0000000745200000| Untracked 
|  32|0x0000000745400000, 0x0000000745400000, 0x0000000745600000|  0%| F|  |TAMS 0x0000000745400000, 0x0000000745400000| Untracked 
|  33|0x0000000745600000, 0x0000000745600000, 0x0000000745800000|  0%| F|  |TAMS 0x0000000745600000, 0x0000000745600000| Untracked 
|  34|0x0000000745800000, 0x0000000745800000, 0x0000000745a00000|  0%| F|  |TAMS 0x0000000745800000, 0x0000000745800000| Untracked 
|  35|0x0000000745a00000, 0x0000000745a00000, 0x0000000745c00000|  0%| F|  |TAMS 0x0000000745a00000, 0x0000000745a00000| Untracked 
|  36|0x0000000745c00000, 0x0000000745c00000, 0x0000000745e00000|  0%| F|  |TAMS 0x0000000745c00000, 0x0000000745c00000| Untracked 
|  37|0x0000000745e00000, 0x0000000745e00000, 0x0000000746000000|  0%| F|  |TAMS 0x0000000745e00000, 0x0000000745e00000| Untracked 
|  38|0x0000000746000000, 0x0000000746000000, 0x0000000746200000|  0%| F|  |TAMS 0x0000000746000000, 0x0000000746000000| Untracked 
|  39|0x0000000746200000, 0x00000007462056a0, 0x0000000746400000|  1%| E|  |TAMS 0x0000000746200000, 0x0000000746200000| Complete 

Card table byte_map: [0x000002880c900000,0x000002880cf00000] _byte_map_base: 0x0000028808ef6000

Marking Bits (Prev, Next): (CMBitMap*) 0x00000288066c3c40, (CMBitMap*) 0x00000288066c3c00
 Prev Bits: [0x00000288104b0000, 0x0000028813460000)
 Next Bits: [0x000002880d500000, 0x00000288104b0000)

Polling page: 0x0000028804630000

Metaspace:

Usage:
  Non-class:     34.81 MB used.
      Class:      5.63 MB used.
       Both:     40.45 MB used.

Virtual space:
  Non-class space:       40.00 MB reserved,      35.12 MB ( 88%) committed,  5 nodes.
      Class space:        1.00 GB reserved,       5.81 MB ( <1%) committed,  1 nodes.
             Both:        1.04 GB reserved,      40.94 MB (  4%) committed. 

Chunk freelists:
   Non-Class:  871.00 KB
       Class:  2.14 MB
        Both:  2.99 MB

MaxMetaspaceSize: unlimited
CompressedClassSpaceSize: 1.00 GB
Initial GC threshold: 21.00 MB
Current GC threshold: 68.25 MB
CDS: off
MetaspaceReclaimPolicy: balanced
 - commit_granule_bytes: 65536.
 - commit_granule_words: 8192.
 - virtual_space_node_default_size: 1048576.
 - enlarge_chunks_in_place: 1.
 - new_chunks_are_fully_committed: 0.
 - uncommit_free_chunks: 1.
 - use_allocation_guard: 0.
 - handle_deallocations: 1.


Internal statistics:

num_allocs_failed_limit: 3.
num_arena_births: 384.
num_arena_deaths: 102.
num_vsnodes_births: 6.
num_vsnodes_deaths: 0.
num_space_committed: 655.
num_space_uncommitted: 0.
num_chunks_returned_to_freelist: 116.
num_chunks_taken_from_freelist: 1625.
num_chunk_merges: 41.
num_chunk_splits: 1142.
num_chunks_enlarged: 898.
num_purges: 6.
num_inconsistent_stats: 0.

CodeCache: size=49152Kb used=10670Kb max_used=11765Kb free=38481Kb
 bounds [0x0000028809300000, 0x0000028809e80000, 0x000002880c300000]
 total_blobs=6150 nmethods=5598 adapters=479
 compilation: enabled
              stopped_count=0, restarted_count=0
 full_count=0

Compilation events (20 events):
Event: 331.424 Thread 0x000002881611a590 5589       1       java.lang.ProcessImpl::unQuote (40 bytes)
Event: 331.425 Thread 0x000002881611a590 nmethod 5589 0x00000288094b3890 code [0x00000288094b3a40, 0x00000288094b3c28]
Event: 467.377 Thread 0x000002881611a590 5590       1       java.util.concurrent.ThreadPoolExecutor::workerCountOf (5 bytes)
Event: 467.377 Thread 0x000002881611a590 nmethod 5590 0x00000288094b3590 code [0x00000288094b3720, 0x00000288094b37d8]
Event: 519.290 Thread 0x000002881611a590 5591       1       java.util.concurrent.locks.AbstractQueuedSynchronizer$ConditionObject::canReacquire (28 bytes)
Event: 519.291 Thread 0x000002881611a590 nmethod 5591 0x00000288094b3190 code [0x00000288094b3320, 0x00000288094b3478]
Event: 790.961 Thread 0x000002881611a590 5593       1       java.util.concurrent.TimeUnit::toNanos (45 bytes)
Event: 790.961 Thread 0x000002881611a590 nmethod 5593 0x00000288094b2990 code [0x00000288094b2b40, 0x00000288094b2cd8]
Event: 863.969 Thread 0x000002881611a590 5594       1       java.util.concurrent.ThreadPoolExecutor::isShutdown (12 bytes)
Event: 863.970 Thread 0x000002881611a590 nmethod 5594 0x00000288094b2690 code [0x00000288094b2820, 0x00000288094b2918]
Event: 884.407 Thread 0x000002881611a590 5595       1       java.util.concurrent.ScheduledThreadPoolExecutor::canRunInCurrentRunState (61 bytes)
Event: 884.408 Thread 0x000002881611a590 nmethod 5595 0x00000288094b2090 code [0x00000288094b2240, 0x00000288094b2508]
Event: 930.966 Thread 0x000002881611a590 5596       1       java.util.concurrent.locks.LockSupport::setBlocker (12 bytes)
Event: 930.966 Thread 0x000002881611a590 nmethod 5596 0x00000288094b1d90 code [0x00000288094b1f20, 0x00000288094b2038]
Event: 962.186 Thread 0x000002881611a590 5597       1       org.springframework.ide.vscode.commons.languageserver.util.ParentProcessWatcher::isWindows (30 bytes)
Event: 962.186 Thread 0x000002881611a590 nmethod 5597 0x00000288094b1790 code [0x00000288094b1980, 0x00000288094b1bd8]
Event: 962.575 Thread 0x000002881611a590 5598   !   1       com.google.common.io.Closeables::close (37 bytes)
Event: 962.575 Thread 0x000002881611a590 nmethod 5598 0x00000288094b1010 code [0x00000288094b1200, 0x00000288094b1538]
Event: 1108.637 Thread 0x000002881611a590 5599       1       java.lang.Integer::toString (55 bytes)
Event: 1108.637 Thread 0x000002881611a590 nmethod 5599 0x00000288094b0b10 code [0x00000288094b0cc0, 0x00000288094b0ef8]

GC Heap History (20 events):
Event: 1056.998 GC heap before
{Heap before GC invocations=133 (full 94):
 garbage-first heap   total 81920K, used 23192K [0x0000000741400000, 0x0000000800000000)
  region size 2048K, 1 young (2048K), 0 survivors (0K)
 Metaspace       used 41418K, committed 41920K, reserved 1089536K
  class space    used 5769K, committed 5952K, reserved 1048576K
}
Event: 1057.045 GC heap after
{Heap after GC invocations=134 (full 95):
 garbage-first heap   total 81920K, used 23192K [0x0000000741400000, 0x0000000800000000)
  region size 2048K, 0 young (0K), 0 survivors (0K)
 Metaspace       used 41418K, committed 41920K, reserved 1089536K
  class space    used 5769K, committed 5952K, reserved 1048576K
}
Event: 1067.377 GC heap before
{Heap before GC invocations=134 (full 95):
 garbage-first heap   total 81920K, used 23192K [0x0000000741400000, 0x0000000800000000)
  region size 2048K, 1 young (2048K), 0 survivors (0K)
 Metaspace       used 41418K, committed 41920K, reserved 1089536K
  class space    used 5769K, committed 5952K, reserved 1048576K
}
Event: 1067.432 GC heap after
{Heap after GC invocations=135 (full 96):
 garbage-first heap   total 81920K, used 23192K [0x0000000741400000, 0x0000000800000000)
  region size 2048K, 0 young (0K), 0 survivors (0K)
 Metaspace       used 41418K, committed 41920K, reserved 1089536K
  class space    used 5769K, committed 5952K, reserved 1048576K
}
Event: 1077.776 GC heap before
{Heap before GC invocations=135 (full 96):
 garbage-first heap   total 81920K, used 23192K [0x0000000741400000, 0x0000000800000000)
  region size 2048K, 1 young (2048K), 0 survivors (0K)
 Metaspace       used 41418K, committed 41920K, reserved 1089536K
  class space    used 5769K, committed 5952K, reserved 1048576K
}
Event: 1077.828 GC heap after
{Heap after GC invocations=136 (full 97):
 garbage-first heap   total 81920K, used 23192K [0x0000000741400000, 0x0000000800000000)
  region size 2048K, 0 young (0K), 0 survivors (0K)
 Metaspace       used 41418K, committed 41920K, reserved 1089536K
  class space    used 5769K, committed 5952K, reserved 1048576K
}
Event: 1088.204 GC heap before
{Heap before GC invocations=136 (full 97):
 garbage-first heap   total 81920K, used 23192K [0x0000000741400000, 0x0000000800000000)
  region size 2048K, 1 young (2048K), 0 survivors (0K)
 Metaspace       used 41418K, committed 41920K, reserved 1089536K
  class space    used 5769K, committed 5952K, reserved 1048576K
}
Event: 1088.257 GC heap after
{Heap after GC invocations=137 (full 98):
 garbage-first heap   total 81920K, used 23192K [0x0000000741400000, 0x0000000800000000)
  region size 2048K, 0 young (0K), 0 survivors (0K)
 Metaspace       used 41418K, committed 41920K, reserved 1089536K
  class space    used 5769K, committed 5952K, reserved 1048576K
}
Event: 1098.578 GC heap before
{Heap before GC invocations=137 (full 98):
 garbage-first heap   total 81920K, used 23192K [0x0000000741400000, 0x0000000800000000)
  region size 2048K, 1 young (2048K), 0 survivors (0K)
 Metaspace       used 41418K, committed 41920K, reserved 1089536K
  class space    used 5769K, committed 5952K, reserved 1048576K
}
Event: 1098.629 GC heap after
{Heap after GC invocations=138 (full 99):
 garbage-first heap   total 81920K, used 23192K [0x0000000741400000, 0x0000000800000000)
  region size 2048K, 0 young (0K), 0 survivors (0K)
 Metaspace       used 41418K, committed 41920K, reserved 1089536K
  class space    used 5769K, committed 5952K, reserved 1048576K
}
Event: 1109.065 GC heap before
{Heap before GC invocations=138 (full 99):
 garbage-first heap   total 81920K, used 23192K [0x0000000741400000, 0x0000000800000000)
  region size 2048K, 1 young (2048K), 0 survivors (0K)
 Metaspace       used 41418K, committed 41920K, reserved 1089536K
  class space    used 5769K, committed 5952K, reserved 1048576K
}
Event: 1109.115 GC heap after
{Heap after GC invocations=139 (full 100):
 garbage-first heap   total 81920K, used 23192K [0x0000000741400000, 0x0000000800000000)
  region size 2048K, 0 young (0K), 0 survivors (0K)
 Metaspace       used 41418K, committed 41920K, reserved 1089536K
  class space    used 5769K, committed 5952K, reserved 1048576K
}
Event: 1120.221 GC heap before
{Heap before GC invocations=139 (full 100):
 garbage-first heap   total 81920K, used 23192K [0x0000000741400000, 0x0000000800000000)
  region size 2048K, 1 young (2048K), 0 survivors (0K)
 Metaspace       used 41418K, committed 41920K, reserved 1089536K
  class space    used 5769K, committed 5952K, reserved 1048576K
}
Event: 1120.276 GC heap after
{Heap after GC invocations=140 (full 101):
 garbage-first heap   total 81920K, used 23192K [0x0000000741400000, 0x0000000800000000)
  region size 2048K, 0 young (0K), 0 survivors (0K)
 Metaspace       used 41418K, committed 41920K, reserved 1089536K
  class space    used 5769K, committed 5952K, reserved 1048576K
}
Event: 1134.516 GC heap before
{Heap before GC invocations=140 (full 101):
 garbage-first heap   total 81920K, used 23192K [0x0000000741400000, 0x0000000800000000)
  region size 2048K, 1 young (2048K), 0 survivors (0K)
 Metaspace       used 41418K, committed 41920K, reserved 1089536K
  class space    used 5769K, committed 5952K, reserved 1048576K
}
Event: 1134.578 GC heap after
{Heap after GC invocations=141 (full 102):
 garbage-first heap   total 81920K, used 23192K [0x0000000741400000, 0x0000000800000000)
  region size 2048K, 0 young (0K), 0 survivors (0K)
 Metaspace       used 41418K, committed 41920K, reserved 1089536K
  class space    used 5769K, committed 5952K, reserved 1048576K
}
Event: 1145.606 GC heap before
{Heap before GC invocations=141 (full 102):
 garbage-first heap   total 81920K, used 23192K [0x0000000741400000, 0x0000000800000000)
  region size 2048K, 1 young (2048K), 0 survivors (0K)
 Metaspace       used 41418K, committed 41920K, reserved 1089536K
  class space    used 5769K, committed 5952K, reserved 1048576K
}
Event: 1145.659 GC heap after
{Heap after GC invocations=142 (full 103):
 garbage-first heap   total 81920K, used 23192K [0x0000000741400000, 0x0000000800000000)
  region size 2048K, 0 young (0K), 0 survivors (0K)
 Metaspace       used 41418K, committed 41920K, reserved 1089536K
  class space    used 5769K, committed 5952K, reserved 1048576K
}
Event: 1156.951 GC heap before
{Heap before GC invocations=142 (full 103):
 garbage-first heap   total 81920K, used 23192K [0x0000000741400000, 0x0000000800000000)
  region size 2048K, 1 young (2048K), 0 survivors (0K)
 Metaspace       used 41418K, committed 41920K, reserved 1089536K
  class space    used 5769K, committed 5952K, reserved 1048576K
}
Event: 1157.005 GC heap after
{Heap after GC invocations=143 (full 104):
 garbage-first heap   total 81920K, used 23192K [0x0000000741400000, 0x0000000800000000)
  region size 2048K, 0 young (0K), 0 survivors (0K)
 Metaspace       used 41418K, committed 41920K, reserved 1089536K
  class space    used 5769K, committed 5952K, reserved 1048576K
}

Deoptimization events (20 events):
Event: 10.002 Thread 0x000002880666b620 DEOPT PACKING pc=0x000002880993a2f9 sp=0x000000b2a65fc3e0
Event: 10.003 Thread 0x000002880666b620 DEOPT UNPACKING pc=0x0000028809352b43 sp=0x000000b2a65fb8c0 mode 3
Event: 10.155 Thread 0x0000028817db48a0 DEOPT PACKING pc=0x0000028809989f13 sp=0x000000b2a7efe2f0
Event: 10.155 Thread 0x0000028817db48a0 DEOPT UNPACKING pc=0x0000028809352b43 sp=0x000000b2a7efd838 mode 3
Event: 10.717 Thread 0x0000028818022ee0 DEOPT PACKING pc=0x00000288097bb209 sp=0x000000b2a84ff130
Event: 10.717 Thread 0x0000028818022ee0 DEOPT UNPACKING pc=0x0000028809352b43 sp=0x000000b2a84fe5c0 mode 3
Event: 11.292 Thread 0x00000288180ce620 DEOPT PACKING pc=0x0000028809aff66d sp=0x000000b2a8afd780
Event: 11.292 Thread 0x00000288180ce620 DEOPT UNPACKING pc=0x0000028809352b43 sp=0x000000b2a8afcca8 mode 3
Event: 11.805 Thread 0x000002881801eb00 DEOPT PACKING pc=0x00000288097b679f sp=0x000000b2a81ff090
Event: 11.805 Thread 0x000002881801eb00 DEOPT UNPACKING pc=0x0000028809352b43 sp=0x000000b2a81fe4e8 mode 3
Event: 29.923 Thread 0x0000028817db48a0 DEOPT PACKING pc=0x00000288097a92e2 sp=0x000000b2a7efd420
Event: 29.923 Thread 0x0000028817db48a0 DEOPT UNPACKING pc=0x0000028809352b43 sp=0x000000b2a7efc928 mode 3
Event: 31.100 Thread 0x0000028817db48a0 DEOPT PACKING pc=0x0000028809e3e1bc sp=0x000000b2a7efdc90
Event: 31.100 Thread 0x0000028817db48a0 DEOPT UNPACKING pc=0x0000028809352b43 sp=0x000000b2a7efd188 mode 0
Event: 31.100 Thread 0x0000028817db48a0 DEOPT PACKING pc=0x0000028809df69b4 sp=0x000000b2a7efdd60
Event: 31.100 Thread 0x0000028817db48a0 DEOPT UNPACKING pc=0x0000028809352b43 sp=0x000000b2a7efd238 mode 0
Event: 31.100 Thread 0x0000028817db48a0 DEOPT PACKING pc=0x0000028809df47fc sp=0x000000b2a7efde10
Event: 31.100 Thread 0x0000028817db48a0 DEOPT UNPACKING pc=0x0000028809352b43 sp=0x000000b2a7efd390 mode 0
Event: 31.101 Thread 0x0000028817db48a0 DEOPT PACKING pc=0x0000028809e2609c sp=0x000000b2a7efe110
Event: 31.101 Thread 0x0000028817db48a0 DEOPT UNPACKING pc=0x0000028809352b43 sp=0x000000b2a7efd5a0 mode 0

Classes unloaded (20 events):
Event: 112.339 Thread 0x00000288157475b0 Unloading class 0x00000008005e3c00 'java/lang/invoke/LambdaForm$DMH+0x00000008005e3c00'
Event: 112.339 Thread 0x00000288157475b0 Unloading class 0x00000008005e2c00 'java/lang/invoke/LambdaForm$MH+0x00000008005e2c00'
Event: 112.339 Thread 0x00000288157475b0 Unloading class 0x00000008005e2800 'java/lang/invoke/LambdaForm$MH+0x00000008005e2800'
Event: 112.339 Thread 0x00000288157475b0 Unloading class 0x00000008005e2400 'java/lang/invoke/LambdaForm$MH+0x00000008005e2400'
Event: 112.339 Thread 0x00000288157475b0 Unloading class 0x00000008005e2000 'java/lang/invoke/LambdaForm$MH+0x00000008005e2000'
Event: 112.339 Thread 0x00000288157475b0 Unloading class 0x00000008005e1c00 'java/lang/invoke/LambdaForm$MH+0x00000008005e1c00'
Event: 112.339 Thread 0x00000288157475b0 Unloading class 0x00000008005e1800 'java/lang/invoke/LambdaForm$MH+0x00000008005e1800'
Event: 112.339 Thread 0x00000288157475b0 Unloading class 0x00000008005e0800 'jdk/internal/reflect/GeneratedConstructorAccessor26'
Event: 112.339 Thread 0x00000288157475b0 Unloading class 0x00000008005e0400 'jdk/internal/reflect/GeneratedConstructorAccessor25'
Event: 112.339 Thread 0x00000288157475b0 Unloading class 0x00000008005e0000 'jdk/internal/reflect/GeneratedConstructorAccessor24'
Event: 112.339 Thread 0x00000288157475b0 Unloading class 0x00000008005ddc00 'jdk/internal/reflect/GeneratedConstructorAccessor23'
Event: 112.339 Thread 0x00000288157475b0 Unloading class 0x00000008005dd800 'jdk/internal/reflect/GeneratedConstructorAccessor22'
Event: 112.339 Thread 0x00000288157475b0 Unloading class 0x00000008005dd400 'jdk/internal/reflect/GeneratedConstructorAccessor21'
Event: 112.339 Thread 0x00000288157475b0 Unloading class 0x00000008005dd000 'jdk/internal/reflect/GeneratedConstructorAccessor20'
Event: 112.339 Thread 0x00000288157475b0 Unloading class 0x00000008005dcc00 'jdk/internal/reflect/GeneratedConstructorAccessor19'
Event: 112.339 Thread 0x00000288157475b0 Unloading class 0x00000008005dc800 'jdk/internal/reflect/GeneratedConstructorAccessor18'
Event: 112.339 Thread 0x00000288157475b0 Unloading class 0x00000008005dc400 'jdk/internal/reflect/GeneratedConstructorAccessor17'
Event: 112.339 Thread 0x00000288157475b0 Unloading class 0x00000008005a0000 'jdk/internal/reflect/GeneratedMethodAccessor28'
Event: 112.339 Thread 0x00000288157475b0 Unloading class 0x0000000800321400 'java/lang/invoke/LambdaForm$MH+0x0000000800321400'
Event: 112.339 Thread 0x00000288157475b0 Unloading class 0x00000008000c8000 'java/lang/invoke/LambdaForm$MH+0x00000008000c8000'

Classes redefined (0 events):
No events

Internal exceptions (20 events):
Event: 29.080 Thread 0x00000288180cbfa0 Exception <a 'sun/nio/fs/WindowsException'{0x000000076350ec50}> (0x000000076350ec50) 
thrown [s\src\hotspot\share\prims\jni.cpp, line 516]
Event: 29.080 Thread 0x00000288180cbfa0 Exception <a 'sun/nio/fs/WindowsException'{0x000000076350f010}> (0x000000076350f010) 
thrown [s\src\hotspot\share\prims\jni.cpp, line 516]
Event: 29.080 Thread 0x00000288180cbfa0 Exception <a 'sun/nio/fs/WindowsException'{0x000000076350fa10}> (0x000000076350fa10) 
thrown [s\src\hotspot\share\prims\jni.cpp, line 516]
Event: 29.080 Thread 0x00000288180cbfa0 Exception <a 'sun/nio/fs/WindowsException'{0x000000076350fdc0}> (0x000000076350fdc0) 
thrown [s\src\hotspot\share\prims\jni.cpp, line 516]
Event: 29.080 Thread 0x00000288180cbfa0 Exception <a 'sun/nio/fs/WindowsException'{0x00000007635107c0}> (0x00000007635107c0) 
thrown [s\src\hotspot\share\prims\jni.cpp, line 516]
Event: 29.080 Thread 0x00000288180cbfa0 Exception <a 'sun/nio/fs/WindowsException'{0x0000000763510b80}> (0x0000000763510b80) 
thrown [s\src\hotspot\share\prims\jni.cpp, line 516]
Event: 29.081 Thread 0x00000288180cbfa0 Exception <a 'sun/nio/fs/WindowsException'{0x00000007635115a8}> (0x00000007635115a8) 
thrown [s\src\hotspot\share\prims\jni.cpp, line 516]
Event: 29.081 Thread 0x00000288180cbfa0 Exception <a 'sun/nio/fs/WindowsException'{0x0000000763511988}> (0x0000000763511988) 
thrown [s\src\hotspot\share\prims\jni.cpp, line 516]
Event: 29.081 Thread 0x00000288180cbfa0 Exception <a 'sun/nio/fs/WindowsException'{0x00000007635123c0}> (0x00000007635123c0) 
thrown [s\src\hotspot\share\prims\jni.cpp, line 516]
Event: 29.081 Thread 0x00000288180cbfa0 Exception <a 'sun/nio/fs/WindowsException'{0x00000007635127b0}> (0x00000007635127b0) 
thrown [s\src\hotspot\share\prims\jni.cpp, line 516]
Event: 29.081 Thread 0x00000288180cbfa0 Exception <a 'sun/nio/fs/WindowsException'{0x00000007635131d8}> (0x00000007635131d8) 
thrown [s\src\hotspot\share\prims\jni.cpp, line 516]
Event: 29.081 Thread 0x00000288180cbfa0 Exception <a 'sun/nio/fs/WindowsException'{0x00000007635135c8}> (0x00000007635135c8) 
thrown [s\src\hotspot\share\prims\jni.cpp, line 516]
Event: 29.087 Thread 0x00000288180cce10 Exception <a 'java/lang/NoSuchMethodError'{0x000000076328eeb8}: 'java.lang.Object java.lang.invoke.Invokers$Holder.invoke_MT(java.lang.Object, java.lang.Object, java.lang.Object)'> (0x000000076328eeb8) 
thrown [s\src\hotspot\share\interpreter\linkResolver.cpp, line 759]
Event: 29.399 Thread 0x0000028817db48a0 Exception <a 'java/lang/NoSuchMethodError'{0x0000000763496840}: 'void java.lang.invoke.DirectMethodHandle$Holder.invokeStatic(java.lang.Object, java.lang.Object, java.lang.Object, java.lang.Object, java.lang.Object, java.lang.Object)'> (0x0000000763496840) 
thrown [s\src\hotspot\share\interpreter\linkResolver.cpp, line 759]
Event: 70.380 Thread 0x00000288180cefc0 Exception <a 'java/lang/NoSuchMethodError'{0x000000075eb1f080}: 'void java.lang.invoke.DirectMethodHandle$Holder.invokeStatic(java.lang.Object, long)'> (0x000000075eb1f080) 
thrown [s\src\hotspot\share\interpreter\linkResolver.cpp, line 759]
Event: 70.381 Thread 0x00000288180cefc0 Exception <a 'java/lang/NoSuchMethodError'{0x000000075eb24428}: 'java.lang.Object java.lang.invoke.DirectMethodHandle$Holder.newInvokeSpecial(java.lang.Object, long)'> (0x000000075eb24428) 
thrown [s\src\hotspot\share\interpreter\linkResolver.cpp, line 759]
Event: 70.383 Thread 0x00000288180cefc0 Exception <a 'java/lang/NoSuchMethodError'{0x000000075eb2ae90}: 'java.lang.Object java.lang.invoke.DirectMethodHandle$Holder.invokeStatic(java.lang.Object, java.lang.Object, long, java.lang.Object)'> (0x000000075eb2ae90) 
thrown [s\src\hotspot\share\interpreter\linkResolver.cpp, line 759]
Event: 70.383 Thread 0x00000288180cefc0 Exception <a 'java/lang/NoSuchMethodError'{0x000000075eb2e668}: 'java.lang.Object java.lang.invoke.DirectMethodHandle$Holder.invokeStaticInit(java.lang.Object, java.lang.Object, long, java.lang.Object)'> (0x000000075eb2e668) 
thrown [s\src\hotspot\share\interpreter\linkResolver.cpp, line 759]
Event: 70.384 Thread 0x00000288180cefc0 Exception <a 'java/lang/NoSuchMethodError'{0x000000075eb34998}: 'java.lang.Object java.lang.invoke.DirectMethodHandle$Holder.newInvokeSpecial(java.lang.Object, java.lang.Object, long)'> (0x000000075eb34998) 
thrown [s\src\hotspot\share\interpreter\linkResolver.cpp, line 759]
Event: 70.384 Thread 0x00000288180cefc0 Exception <a 'java/lang/NoSuchMethodError'{0x000000075eb38508}: 'java.lang.Object java.lang.invoke.Invokers$Holder.linkToTargetMethod(java.lang.Object, long, java.lang.Object)'> (0x000000075eb38508) 
thrown [s\src\hotspot\share\interpreter\linkResolver.cpp, line 759]

VM Operations (20 events):
Event: 1057.046 Executing VM operation: G1CollectFull done
Event: 1067.377 Executing VM operation: G1CollectFull
Event: 1067.432 Executing VM operation: G1CollectFull done
Event: 1077.776 Executing VM operation: G1CollectFull
Event: 1077.828 Executing VM operation: G1CollectFull done
Event: 1088.204 Executing VM operation: G1CollectFull
Event: 1088.257 Executing VM operation: G1CollectFull done
Event: 1098.578 Executing VM operation: G1CollectFull
Event: 1098.629 Executing VM operation: G1CollectFull done
Event: 1109.064 Executing VM operation: G1CollectFull
Event: 1109.116 Executing VM operation: G1CollectFull done
Event: 1120.221 Executing VM operation: G1CollectFull
Event: 1120.276 Executing VM operation: G1CollectFull done
Event: 1134.516 Executing VM operation: G1CollectFull
Event: 1134.578 Executing VM operation: G1CollectFull done
Event: 1145.605 Executing VM operation: G1CollectFull
Event: 1145.659 Executing VM operation: G1CollectFull done
Event: 1156.951 Executing VM operation: G1CollectFull
Event: 1157.005 Executing VM operation: G1CollectFull done
Event: 1168.467 Executing VM operation: G1CollectFull

Events (20 events):
Event: 41.516 Thread 0x0000028817cd7770 Thread exited: 0x0000028817cd7770
Event: 70.372 loading class java/lang/ProcessBuilder
Event: 70.372 loading class java/lang/ProcessBuilder done
Event: 70.373 loading class java/lang/ProcessImpl
Event: 70.373 loading class java/lang/Process
Event: 70.373 loading class java/lang/Process done
Event: 70.373 loading class java/lang/ProcessImpl done
Event: 70.381 loading class java/lang/ProcessHandleImpl
Event: 70.382 loading class java/lang/ProcessHandle
Event: 70.382 loading class java/lang/ProcessHandle done
Event: 70.382 loading class java/lang/ProcessHandleImpl done
Event: 70.384 loading class java/lang/ProcessImpl$2
Event: 70.385 loading class java/lang/ProcessImpl$2 done
Event: 70.385 loading class java/lang/Process$PipeInputStream
Event: 70.385 loading class java/lang/Process$PipeInputStream done
Event: 70.387 loading class jdk/internal/event/ProcessStartEvent
Event: 70.387 loading class jdk/internal/event/ProcessStartEvent done
Event: 70.710 loading class java/io/FileOutputStream$1
Event: 70.710 loading class java/io/FileOutputStream$1 done
Event: 91.564 Thread 0x0000028817db48a0 Thread exited: 0x0000028817db48a0


Dynamic libraries:
0x00007ff684f40000 - 0x00007ff684f4e000 	c:\Users\Alpay\.vscode\extensions\redhat.java-1.10.0-win32-x64\jre\17.0.4-win32-x86_64\bin\java.exe
0x00007ffe39eb0000 - 0x00007ffe3a0a8000 	C:\WINDOWS\SYSTEM32\ntdll.dll
0x00007ffe38ce0000 - 0x00007ffe38d9d000 	C:\WINDOWS\System32\KERNEL32.DLL
0x00007ffe375d0000 - 0x00007ffe3789e000 	C:\WINDOWS\System32\KERNELBASE.dll
0x00007ffe37b40000 - 0x00007ffe37c40000 	C:\WINDOWS\System32\ucrtbase.dll
0x00007ffe28bb0000 - 0x00007ffe28bc8000 	c:\Users\Alpay\.vscode\extensions\redhat.java-1.10.0-win32-x64\jre\17.0.4-win32-x86_64\bin\jli.dll
0x00007ffe38f50000 - 0x00007ffe390f0000 	C:\WINDOWS\System32\USER32.dll
0x00007ffe37a00000 - 0x00007ffe37a22000 	C:\WINDOWS\System32\win32u.dll
0x00007ffe38130000 - 0x00007ffe3815a000 	C:\WINDOWS\System32\GDI32.dll
0x00007ffe37a30000 - 0x00007ffe37b3b000 	C:\WINDOWS\System32\gdi32full.dll
0x00007ffe37ce0000 - 0x00007ffe37d7d000 	C:\WINDOWS\System32\msvcp_win.dll
0x00007ffe2dff0000 - 0x00007ffe2e009000 	c:\Users\Alpay\.vscode\extensions\redhat.java-1.10.0-win32-x64\jre\17.0.4-win32-x86_64\bin\VCRUNTIME140.dll
0x00007ffe276a0000 - 0x00007ffe2793a000 	C:\WINDOWS\WinSxS\amd64_microsoft.windows.common-controls_6595b64144ccf1df_6.0.19041.1110_none_60b5254171f9507e\COMCTL32.dll
0x00007ffe38da0000 - 0x00007ffe38e3e000 	C:\WINDOWS\System32\msvcrt.dll
0x00007ffe38160000 - 0x00007ffe38190000 	C:\WINDOWS\System32\IMM32.DLL
0x00007ffe2c760000 - 0x00007ffe2c76c000 	c:\Users\Alpay\.vscode\extensions\redhat.java-1.10.0-win32-x64\jre\17.0.4-win32-x86_64\bin\vcruntime140_1.dll
0x00007ffe06730000 - 0x00007ffe067c1000 	c:\Users\Alpay\.vscode\extensions\redhat.java-1.10.0-win32-x64\jre\17.0.4-win32-x86_64\bin\msvcp140.dll
0x00007ffd9ce20000 - 0x00007ffd9da66000 	c:\Users\Alpay\.vscode\extensions\redhat.java-1.10.0-win32-x64\jre\17.0.4-win32-x86_64\bin\server\jvm.dll
0x00007ffe384d0000 - 0x00007ffe3857e000 	C:\WINDOWS\System32\ADVAPI32.dll
0x00007ffe38090000 - 0x00007ffe3812c000 	C:\WINDOWS\System32\sechost.dll
0x00007ffe39b10000 - 0x00007ffe39c35000 	C:\WINDOWS\System32\RPCRT4.dll
0x00007ffe390f0000 - 0x00007ffe390f8000 	C:\WINDOWS\System32\PSAPI.DLL
0x00007ffe24240000 - 0x00007ffe24249000 	C:\WINDOWS\SYSTEM32\WSOCK32.dll
0x00007ffe39c40000 - 0x00007ffe39cab000 	C:\WINDOWS\System32\WS2_32.dll
0x00007ffe1c480000 - 0x00007ffe1c4a7000 	C:\WINDOWS\SYSTEM32\WINMM.dll
0x00007ffe2e960000 - 0x00007ffe2e96a000 	C:\WINDOWS\SYSTEM32\VERSION.dll
0x00007ffe35490000 - 0x00007ffe354a2000 	C:\WINDOWS\SYSTEM32\kernel.appcore.dll
0x00007ffe2c730000 - 0x00007ffe2c73a000 	c:\Users\Alpay\.vscode\extensions\redhat.java-1.10.0-win32-x64\jre\17.0.4-win32-x86_64\bin\jimage.dll
0x00007ffe2d7f0000 - 0x00007ffe2d9d4000 	C:\WINDOWS\SYSTEM32\DBGHELP.DLL
0x00007ffe2daf0000 - 0x00007ffe2db1c000 	C:\WINDOWS\SYSTEM32\dbgcore.DLL
0x00007ffe37e80000 - 0x00007ffe37f02000 	C:\WINDOWS\System32\bcryptPrimitives.dll
0x00007ffe1ef70000 - 0x00007ffe1ef95000 	c:\Users\Alpay\.vscode\extensions\redhat.java-1.10.0-win32-x64\jre\17.0.4-win32-x86_64\bin\java.dll
0x00007ffe28750000 - 0x00007ffe28768000 	c:\Users\Alpay\.vscode\extensions\redhat.java-1.10.0-win32-x64\jre\17.0.4-win32-x86_64\bin\zip.dll
0x00007ffe38590000 - 0x00007ffe38cd4000 	C:\WINDOWS\System32\SHELL32.dll
0x00007ffe35690000 - 0x00007ffe35e24000 	C:\WINDOWS\SYSTEM32\windows.storage.dll
0x00007ffe397b0000 - 0x00007ffe39b04000 	C:\WINDOWS\System32\combase.dll
0x00007ffe36fc0000 - 0x00007ffe36ff0000 	C:\WINDOWS\SYSTEM32\Wldp.dll
0x00007ffe38190000 - 0x00007ffe3823d000 	C:\WINDOWS\System32\SHCORE.dll
0x00007ffe38ef0000 - 0x00007ffe38f45000 	C:\WINDOWS\System32\shlwapi.dll
0x00007ffe37510000 - 0x00007ffe3752f000 	C:\WINDOWS\SYSTEM32\profapi.dll
0x00007ffe28230000 - 0x00007ffe28249000 	C:\Users\Alpay\.vscode\extensions\redhat.java-1.10.0-win32-x64\jre\17.0.4-win32-x86_64\bin\net.dll
0x00007ffe2e070000 - 0x00007ffe2e17a000 	C:\WINDOWS\SYSTEM32\WINHTTP.dll
0x00007ffe36c70000 - 0x00007ffe36cda000 	C:\WINDOWS\system32\mswsock.dll
0x00007ffe1ee70000 - 0x00007ffe1ee85000 	C:\Users\Alpay\.vscode\extensions\redhat.java-1.10.0-win32-x64\jre\17.0.4-win32-x86_64\bin\nio.dll
0x00007ffe2c050000 - 0x00007ffe2c060000 	c:\Users\Alpay\.vscode\extensions\redhat.java-1.10.0-win32-x64\jre\17.0.4-win32-x86_64\bin\verify.dll
0x00007ffe29c00000 - 0x00007ffe29c09000 	C:\Users\Alpay\.vscode\extensions\redhat.java-1.10.0-win32-x64\jre\17.0.4-win32-x86_64\bin\management.dll
0x00007ffe29280000 - 0x00007ffe2928b000 	C:\Users\Alpay\.vscode\extensions\redhat.java-1.10.0-win32-x64\jre\17.0.4-win32-x86_64\bin\management_ext.dll
0x00007ffe1c9f0000 - 0x00007ffe1ca07000 	C:\WINDOWS\system32\napinsp.dll
0x00007ffe1c9d0000 - 0x00007ffe1c9eb000 	C:\WINDOWS\system32\pnrpnsp.dll
0x00007ffe310f0000 - 0x00007ffe31105000 	C:\WINDOWS\system32\wshbth.dll
0x00007ffe30780000 - 0x00007ffe3079d000 	C:\WINDOWS\system32\NLAapi.dll
0x00007ffe36980000 - 0x00007ffe369bb000 	C:\WINDOWS\SYSTEM32\IPHLPAPI.DLL
0x00007ffe369c0000 - 0x00007ffe36a8a000 	C:\WINDOWS\SYSTEM32\DNSAPI.dll
0x00007ffe39cb0000 - 0x00007ffe39cb8000 	C:\WINDOWS\System32\NSI.dll
0x00007ffe1c9b0000 - 0x00007ffe1c9c2000 	C:\WINDOWS\System32\winrnr.dll
0x00007ffe267e0000 - 0x00007ffe267ea000 	C:\Windows\System32\rasadhlp.dll
0x00007ffe26f60000 - 0x00007ffe26fe0000 	C:\WINDOWS\System32\fwpuclnt.dll
0x00007ffe37c40000 - 0x00007ffe37c67000 	C:\WINDOWS\System32\bcrypt.dll
0x00007ffe36e90000 - 0x00007ffe36ea8000 	C:\WINDOWS\SYSTEM32\CRYPTSP.dll
0x00007ffe36600000 - 0x00007ffe36634000 	C:\WINDOWS\system32\rsaenh.dll
0x00007ffe37490000 - 0x00007ffe374be000 	C:\WINDOWS\SYSTEM32\USERENV.dll
0x00007ffe36eb0000 - 0x00007ffe36ebc000 	C:\WINDOWS\SYSTEM32\CRYPTBASE.dll
0x00007ffe2e970000 - 0x00007ffe2e987000 	C:\WINDOWS\SYSTEM32\dhcpcsvc6.DLL
0x00007ffe2e9c0000 - 0x00007ffe2e9dd000 	C:\WINDOWS\SYSTEM32\dhcpcsvc.DLL

dbghelp: loaded successfully - version: 4.0.5 - missing functions: none
symbol engine: initialized successfully - sym options: 0x614 - pdb path: .;c:\Users\Alpay\.vscode\extensions\redhat.java-1.10.0-win32-x64\jre\17.0.4-win32-x86_64\bin;C:\WINDOWS\SYSTEM32;C:\WINDOWS\WinSxS\amd64_microsoft.windows.common-controls_6595b64144ccf1df_6.0.19041.1110_none_60b5254171f9507e;c:\Users\Alpay\.vscode\extensions\redhat.java-1.10.0-win32-x64\jre\17.0.4-win32-x86_64\bin\server

VM Arguments:
jvm_args: -Dsts.lsp.client=vscode -Dsts.log.file=/dev/null -XX:TieredStopAtLevel=1 -Dspring.config.location=file:c:\Users\Alpay\.vscode\extensions\pivotal.vscode-spring-boot-1.38.0\language-server\BOOT-INF\classes\application.properties 
java_command: org.springframework.ide.vscode.boot.app.BootLanguageServerBootApp
java_class_path (initial): c:\Users\Alpay\.vscode\extensions\pivotal.vscode-spring-boot-1.38.0\language-server\BOOT-INF\classes;c:\Users\Alpay\.vscode\extensions\pivotal.vscode-spring-boot-1.38.0\language-server\BOOT-INF\lib\annotations-23.0.0.jar;c:\Users\Alpay\.vscode\extensions\pivotal.vscode-spring-boot-1.38.0\language-server\BOOT-INF\lib\antlr-runtime-3.5.2.jar;c:\Users\Alpay\.vscode\extensions\pivotal.vscode-spring-boot-1.38.0\language-server\BOOT-INF\lib\antlr4-4.9.3.jar;c:\Users\Alpay\.vscode\extensions\pivotal.vscode-spring-boot-1.38.0\language-server\BOOT-INF\lib\antlr4-runtime-4.9.3.jar;c:\Users\Alpay\.vscode\extensions\pivotal.vscode-spring-boot-1.38.0\language-server\BOOT-INF\lib\asm-9.3.jar;c:\Users\Alpay\.vscode\extensions\pivotal.vscode-spring-boot-1.38.0\language-server\BOOT-INF\lib\asm-analysis-9.3.jar;c:\Users\Alpay\.vscode\extensions\pivotal.vscode-spring-boot-1.38.0\language-server\BOOT-INF\lib\asm-tree-9.3.jar;c:\Users\Alpay\.vscode\extensions\pivotal.vscode-spring-boot-1.38.0\language-server\BOOT-INF\lib\asm-util-9.3.jar;c:\Users\Alpay\.vscode\extensions\pivotal.vscode-spring-boot-1.38.0\language-server\BOOT-INF\lib\byte-buddy-1.10.18.jar;c:\Users\Alpay\.vscode\extensions\pivotal.vscode-spring-boot-1.38.0\language-server\BOOT-INF\lib\caffeine-2.8.6.jar;c:\Users\Alpay\.vscode\extensions\pivotal.vscode-spring-boot-1.38.0\language-server\BOOT-INF\lib\checker-qual-3.12.0.jar;c:\Users\Alpay\.vscode\extensions\pivotal.vscode-spring-boot-1.38.0\language-server\BOOT-INF\lib\classgraph-4.8.149.jar;c:\Users\Alpay\.vscode\extensions\pivotal.vscode-spring-boot-1.38.0\language-server\BOOT-INF\lib\commons-codec-1.14.jar;c:\Users\Alpay\.vscode\extensions\pivotal.vscode-spring-boot-1.38.0\language-server\BOOT-INF\lib\commons-compress-1.21.jar;c:\Users\Alpay\.vscode\extensions\pivotal.vscode-spring-boot-1.38.0\language-server\BOOT-INF\lib\commons-exec-1.3.jar;c:\Users\Alpay\.vscode\extensions\pivotal.vscode-spring-boot-1.38.0\language-server\BOOT-INF\lib\com
Launcher Type: SUN_STANDARD

[Global flags]
     intx CICompilerCount                          = 3                                         {product} {ergonomic}
     uint ConcGCThreads                            = 1                                         {product} {ergonomic}
     uint G1ConcRefinementThreads                  = 4                                         {product} {ergonomic}
   size_t G1HeapRegionSize                         = 2097152                                   {product} {ergonomic}
    uintx GCDrainStackTargetSize                   = 64                                        {product} {ergonomic}
   size_t InitialHeapSize                          = 201326592                                 {product} {ergonomic}
   size_t MarkStackSize                            = 4194304                                   {product} {ergonomic}
   size_t MaxHeapSize                              = 3200253952                                {product} {ergonomic}
   size_t MaxNewSize                               = 1918894080                                {product} {ergonomic}
   size_t MinHeapDeltaBytes                        = 2097152                                   {product} {ergonomic}
   size_t MinHeapSize                              = 8388608                                   {product} {ergonomic}
    uintx NonProfiledCodeHeapSize                  = 0                                      {pd product} {ergonomic}
     bool ProfileInterpreter                       = false                                  {pd product} {command line}
    uintx ProfiledCodeHeapSize                     = 0                                      {pd product} {ergonomic}
   size_t SoftMaxHeapSize                          = 3200253952                             {manageable} {ergonomic}
     intx TieredStopAtLevel                        = 1                                         {product} {command line}
     bool UseCompressedClassPointers               = true                           {product lp64_product} {ergonomic}
     bool UseCompressedOops                        = true                           {product lp64_product} {ergonomic}
     bool UseG1GC                                  = true                                      {product} {ergonomic}
     bool UseLargePagesIndividualAllocation        = false                                  {pd product} {ergonomic}

Logging:
Log output configuration:
 #0: stdout all=warning uptime,level,tags
 #1: stderr all=off uptime,level,tags

Environment Variables:
PATH=C:\Users\Alpay\bin;C:\Program Files\Git\mingw64\bin;C:\Program Files\Git\usr\local\bin;C:\Program Files\Git\usr\bin;C:\Program Files\Git\usr\bin;C:\Program Files\Git\mingw64\bin;C:\Program Files\Git\usr\bin;C:\Users\Alpay\bin;C:\Program Files\Eclipse Adoptium\jdk-17.0.3.7-hotspot\bin;C:\Program Files (x86)\Common Files\Oracle\Java\javapath;C:\WINDOWS\system32;C:\WINDOWS;C:\WINDOWS\System32\Wbem;C:\WINDOWS\System32\WindowsPowerShell\v1.0;C:\WINDOWS\System32\OpenSSH;C:\Program Files\Microsoft SQL Server\150\Tools\Binn;C:\Program Files\dotnet;C:\Program Files\Git\cmd;C:\Program Files\Docker\Docker\resources\bin;C:\ProgramData\DockerDesktop\version-bin;C:\Program Files\Microsoft SQL Server\Client SDK\ODBC\170\Tools\Binn;C:\Program Files\nodejs;C:\Users\Alpay\anaconda3;C:\Users\Alpay\anaconda3\Library\mingw-w64\bin;C:\Users\Alpay\anaconda3\Library\usr\bin;C:\Users\Alpay\anaconda3\Library\bin;C:\Users\Alpay\anaconda3\Scripts;C:\Users\Alpay\AppData\Local\Programs\Python\Python310\Scripts;C:\Users\Alpay\AppData\Local\Programs\Python\Python310;C:\Program Files\MySQL\MySQL Shell 8.0\bin;C:\Users\Alpay\AppData\Local\Microsoft\WindowsApps;C:\Users\Alpay\AppData\Local\Programs\Microsoft VS Code\bin;C:\Users\Alpay\.dotnet\tools;C:\Program Files\heroku\bin;C:\Users\Alpay\AppData\Local\GitHubDesktop\bin;C:\Users\Alpay\AppData\Roaming\npm;C:\Program Files\Git\usr\bin\vendor_perl;C:\Program Files\Git\usr\bin\core_perl
USERNAME=Alpay
SHELL=C:\Program Files\Git\usr\bin\bash.exe
DISPLAY=needs-to-be-defined
LANG=tr_TR.UTF-8
TERM=xterm-256color
TMPDIR=C:\Users\Alpay\AppData\Local\Temp
OS=Windows_NT
PROCESSOR_IDENTIFIER=Intel64 Family 6 Model 61 Stepping 4, GenuineIntel
TMP=C:\Users\Alpay\AppData\Local\Temp
TEMP=C:\Users\Alpay\AppData\Local\Temp



---------------  S Y S T E M  ---------------

OS:
 Windows 10 , 64 bit Build 19041 (10.0.19041.1889)
OS uptime: 5 days 16:41 hours
Hyper-V role detected

CPU: total 4 (initial active 4) (2 cores per cpu, 2 threads per core) family 6 model 61 stepping 4 microcode 0x2d, cx8, cmov, fxsr, ht, mmx, 3dnowpref, sse, sse2, sse3, ssse3, sse4.1, sse4.2, popcnt, lzcnt, tsc, tscinvbit, avx, avx2, aes, erms, clmul, bmi1, bmi2, adx, fma, vzeroupper, clflush, hv

Memory: 4k page, system-wide physical 12202M (1057M free)
TotalPageFile size 24060M (AvailPageFile size 10M)
current process WorkingSet (physical memory assigned to process): 221M, peak: 748M
current process commit charge ("private bytes"): 215M, peak: 754M

vm_info: OpenJDK 64-Bit Server VM (17.0.4+8) for windows-amd64 JRE (17.0.4+8), built on Jul 19 2022 16:05:16 by "temurin" with MS VC++ 16.7 (VS2019)

END.
